<testsuites id="" name="" tests="180" failures="0" skipped="180" errors="0" time="0.16624799999999992">
<testsuite name="admin.spec.ts" timestamp="2026-01-30T23:15:39.566Z" hostname="chromium" tests="7" failures="0" skipped="7" time="0" errors="0">
<testcase name="Admin › admin can moderate reviews" classname="admin.spec.ts" time="0">
<skipped>
</skipped>
</testcase>
<testcase name="Admin › admin can view flagged reviews" classname="admin.spec.ts" time="0">
<skipped>
</skipped>
</testcase>
<testcase name="Admin › admin can reject inappropriate reviews" classname="admin.spec.ts" time="0">
<skipped>
</skipped>
</testcase>
<testcase name="Admin › admin can view review statistics" classname="admin.spec.ts" time="0">
<skipped>
</skipped>
</testcase>
<testcase name="Admin › admin can bulk approve reviews" classname="admin.spec.ts" time="0">
<skipped>
</skipped>
</testcase>
<testcase name="Admin › admin can dismiss review flags" classname="admin.spec.ts" time="0">
<skipped>
</skipped>
</testcase>
<testcase name="Admin › non-admin cannot access admin panel" classname="admin.spec.ts" time="0">
<skipped>
</skipped>
</testcase>
</testsuite>
<testsuite name="auth.spec.ts" timestamp="2026-01-30T23:15:39.566Z" hostname="chromium" tests="8" failures="0" skipped="8" time="0" errors="0">
<testcase name="Authentication › complete registration flow" classname="auth.spec.ts" time="0">
<skipped>
</skipped>
</testcase>
<testcase name="Authentication › complete login flow" classname="auth.spec.ts" time="0">
<skipped>
</skipped>
</testcase>
<testcase name="Authentication › logout clears session" classname="auth.spec.ts" time="0">
<skipped>
</skipped>
</testcase>
<testcase name="Authentication › protected routes redirect to login" classname="auth.spec.ts" time="0">
<skipped>
</skipped>
</testcase>
<testcase name="Authentication › registration validates email format" classname="auth.spec.ts" time="0">
<skipped>
</skipped>
</testcase>
<testcase name="Authentication › login shows error with wrong credentials" classname="auth.spec.ts" time="0">
<skipped>
</skipped>
</testcase>
<testcase name="Authentication › registration requires password confirmation match" classname="auth.spec.ts" time="0">
<skipped>
</skipped>
</testcase>
<testcase name="Authentication › session persists after page reload" classname="auth.spec.ts" time="0">
<skipped>
</skipped>
</testcase>
</testsuite>
<testsuite name="favorites.spec.ts" timestamp="2026-01-30T23:15:39.566Z" hostname="chromium" tests="4" failures="0" skipped="4" time="0" errors="0">
<testcase name="Favorites › add and remove favorites" classname="favorites.spec.ts" time="0">
<skipped>
</skipped>
</testcase>
<testcase name="Favorites › favorite status persists across pages" classname="favorites.spec.ts" time="0">
<skipped>
</skipped>
</testcase>
<testcase name="Favorites › favorites count updates correctly" classname="favorites.spec.ts" time="0">
<skipped>
</skipped>
</testcase>
<testcase name="Favorites › can filter favorites" classname="favorites.spec.ts" time="0">
<skipped>
</skipped>
</testcase>
</testsuite>
<testsuite name="reviews.spec.ts" timestamp="2026-01-30T23:15:39.566Z" hostname="chromium" tests="6" failures="0" skipped="6" time="0" errors="0">
<testcase name="Reviews › submit review after transaction" classname="reviews.spec.ts" time="0">
<skipped>
</skipped>
</testcase>
<testcase name="Reviews › flag suspicious review" classname="reviews.spec.ts" time="0">
<skipped>
</skipped>
</testcase>
<testcase name="Reviews › cannot submit review without transaction" classname="reviews.spec.ts" time="0">
<skipped>
</skipped>
</testcase>
<testcase name="Reviews › review form validates minimum characters" classname="reviews.spec.ts" time="0">
<skipped>
</skipped>
</testcase>
<testcase name="Reviews › helpful vote updates count" classname="reviews.spec.ts" time="0">
<skipped>
</skipped>
</testcase>
<testcase name="Reviews › displays verified badge only for verified reviews" classname="reviews.spec.ts" time="0">
<skipped>
</skipped>
</testcase>
</testsuite>
<testsuite name="transactions.spec.ts" timestamp="2026-01-30T23:15:39.566Z" hostname="chromium" tests="6" failures="0" skipped="6" time="0" errors="0">
<testcase name="Transactions › complete purchase flow" classname="transactions.spec.ts" time="0">
<skipped>
</skipped>
</testcase>
<testcase name="Transactions › view transaction history" classname="transactions.spec.ts" time="0">
<skipped>
</skipped>
</testcase>
<testcase name="Transactions › transaction status tracking works" classname="transactions.spec.ts" time="0">
<skipped>
</skipped>
</testcase>
<testcase name="Transactions › seller can view incoming transactions" classname="transactions.spec.ts" time="0">
<skipped>
</skipped>
</testcase>
<testcase name="Transactions › cannot access other users transactions" classname="transactions.spec.ts" time="0">
<skipped>
</skipped>
</testcase>
<testcase name="Transactions › transaction details display correctly" classname="transactions.spec.ts" time="0">
<skipped>
</skipped>
</testcase>
</testsuite>
<testsuite name="vehicles.spec.ts" timestamp="2026-01-30T23:15:39.566Z" hostname="chromium" tests="5" failures="0" skipped="5" time="0" errors="0">
<testcase name="Vehicles › browse and search vehicles" classname="vehicles.spec.ts" time="0">
<skipped>
</skipped>
</testcase>
<testcase name="Vehicles › filter vehicles by price" classname="vehicles.spec.ts" time="0">
<skipped>
</skipped>
</testcase>
<testcase name="Vehicles › view vehicle details" classname="vehicles.spec.ts" time="0">
<skipped>
</skipped>
</testcase>
<testcase name="Vehicles › pagination works correctly" classname="vehicles.spec.ts" time="0">
<skipped>
</skipped>
</testcase>
<testcase name="Vehicles › vehicle card displays correct information" classname="vehicles.spec.ts" time="0">
<skipped>
</skipped>
</testcase>
</testsuite>
<testsuite name="admin.spec.ts" timestamp="2026-01-30T23:15:39.566Z" hostname="firefox" tests="7" failures="0" skipped="7" time="0" errors="0">
<testcase name="Admin › admin can moderate reviews" classname="admin.spec.ts" time="0">
<skipped>
</skipped>
</testcase>
<testcase name="Admin › admin can view flagged reviews" classname="admin.spec.ts" time="0">
<skipped>
</skipped>
</testcase>
<testcase name="Admin › admin can reject inappropriate reviews" classname="admin.spec.ts" time="0">
<skipped>
</skipped>
</testcase>
<testcase name="Admin › admin can view review statistics" classname="admin.spec.ts" time="0">
<skipped>
</skipped>
</testcase>
<testcase name="Admin › admin can bulk approve reviews" classname="admin.spec.ts" time="0">
<skipped>
</skipped>
</testcase>
<testcase name="Admin › admin can dismiss review flags" classname="admin.spec.ts" time="0">
<skipped>
</skipped>
</testcase>
<testcase name="Admin › non-admin cannot access admin panel" classname="admin.spec.ts" time="0">
<skipped>
</skipped>
</testcase>
</testsuite>
<testsuite name="auth.spec.ts" timestamp="2026-01-30T23:15:39.566Z" hostname="firefox" tests="8" failures="0" skipped="8" time="0" errors="0">
<testcase name="Authentication › complete registration flow" classname="auth.spec.ts" time="0">
<skipped>
</skipped>
</testcase>
<testcase name="Authentication › complete login flow" classname="auth.spec.ts" time="0">
<skipped>
</skipped>
</testcase>
<testcase name="Authentication › logout clears session" classname="auth.spec.ts" time="0">
<skipped>
</skipped>
</testcase>
<testcase name="Authentication › protected routes redirect to login" classname="auth.spec.ts" time="0">
<skipped>
</skipped>
</testcase>
<testcase name="Authentication › registration validates email format" classname="auth.spec.ts" time="0">
<skipped>
</skipped>
</testcase>
<testcase name="Authentication › login shows error with wrong credentials" classname="auth.spec.ts" time="0">
<skipped>
</skipped>
</testcase>
<testcase name="Authentication › registration requires password confirmation match" classname="auth.spec.ts" time="0">
<skipped>
</skipped>
</testcase>
<testcase name="Authentication › session persists after page reload" classname="auth.spec.ts" time="0">
<skipped>
</skipped>
</testcase>
</testsuite>
<testsuite name="favorites.spec.ts" timestamp="2026-01-30T23:15:39.566Z" hostname="firefox" tests="4" failures="0" skipped="4" time="0" errors="0">
<testcase name="Favorites › add and remove favorites" classname="favorites.spec.ts" time="0">
<skipped>
</skipped>
</testcase>
<testcase name="Favorites › favorite status persists across pages" classname="favorites.spec.ts" time="0">
<skipped>
</skipped>
</testcase>
<testcase name="Favorites › favorites count updates correctly" classname="favorites.spec.ts" time="0">
<skipped>
</skipped>
</testcase>
<testcase name="Favorites › can filter favorites" classname="favorites.spec.ts" time="0">
<skipped>
</skipped>
</testcase>
</testsuite>
<testsuite name="reviews.spec.ts" timestamp="2026-01-30T23:15:39.566Z" hostname="firefox" tests="6" failures="0" skipped="6" time="0" errors="0">
<testcase name="Reviews › submit review after transaction" classname="reviews.spec.ts" time="0">
<skipped>
</skipped>
</testcase>
<testcase name="Reviews › flag suspicious review" classname="reviews.spec.ts" time="0">
<skipped>
</skipped>
</testcase>
<testcase name="Reviews › cannot submit review without transaction" classname="reviews.spec.ts" time="0">
<skipped>
</skipped>
</testcase>
<testcase name="Reviews › review form validates minimum characters" classname="reviews.spec.ts" time="0">
<skipped>
</skipped>
</testcase>
<testcase name="Reviews › helpful vote updates count" classname="reviews.spec.ts" time="0">
<skipped>
</skipped>
</testcase>
<testcase name="Reviews › displays verified badge only for verified reviews" classname="reviews.spec.ts" time="0">
<skipped>
</skipped>
</testcase>
</testsuite>
<testsuite name="transactions.spec.ts" timestamp="2026-01-30T23:15:39.566Z" hostname="firefox" tests="6" failures="0" skipped="6" time="0" errors="0">
<testcase name="Transactions › complete purchase flow" classname="transactions.spec.ts" time="0">
<skipped>
</skipped>
</testcase>
<testcase name="Transactions › view transaction history" classname="transactions.spec.ts" time="0">
<skipped>
</skipped>
</testcase>
<testcase name="Transactions › transaction status tracking works" classname="transactions.spec.ts" time="0">
<skipped>
</skipped>
</testcase>
<testcase name="Transactions › seller can view incoming transactions" classname="transactions.spec.ts" time="0">
<skipped>
</skipped>
</testcase>
<testcase name="Transactions › cannot access other users transactions" classname="transactions.spec.ts" time="0">
<skipped>
</skipped>
</testcase>
<testcase name="Transactions › transaction details display correctly" classname="transactions.spec.ts" time="0">
<skipped>
</skipped>
</testcase>
</testsuite>
<testsuite name="vehicles.spec.ts" timestamp="2026-01-30T23:15:39.566Z" hostname="firefox" tests="5" failures="0" skipped="5" time="0" errors="0">
<testcase name="Vehicles › browse and search vehicles" classname="vehicles.spec.ts" time="0">
<skipped>
</skipped>
</testcase>
<testcase name="Vehicles › filter vehicles by price" classname="vehicles.spec.ts" time="0">
<skipped>
</skipped>
</testcase>
<testcase name="Vehicles › view vehicle details" classname="vehicles.spec.ts" time="0">
<skipped>
</skipped>
</testcase>
<testcase name="Vehicles › pagination works correctly" classname="vehicles.spec.ts" time="0">
<skipped>
</skipped>
</testcase>
<testcase name="Vehicles › vehicle card displays correct information" classname="vehicles.spec.ts" time="0">
<skipped>
</skipped>
</testcase>
</testsuite>
<testsuite name="admin.spec.ts" timestamp="2026-01-30T23:15:39.566Z" hostname="webkit" tests="7" failures="0" skipped="7" time="0" errors="0">
<testcase name="Admin › admin can moderate reviews" classname="admin.spec.ts" time="0">
<skipped>
</skipped>
</testcase>
<testcase name="Admin › admin can view flagged reviews" classname="admin.spec.ts" time="0">
<skipped>
</skipped>
</testcase>
<testcase name="Admin › admin can reject inappropriate reviews" classname="admin.spec.ts" time="0">
<skipped>
</skipped>
</testcase>
<testcase name="Admin › admin can view review statistics" classname="admin.spec.ts" time="0">
<skipped>
</skipped>
</testcase>
<testcase name="Admin › admin can bulk approve reviews" classname="admin.spec.ts" time="0">
<skipped>
</skipped>
</testcase>
<testcase name="Admin › admin can dismiss review flags" classname="admin.spec.ts" time="0">
<skipped>
</skipped>
</testcase>
<testcase name="Admin › non-admin cannot access admin panel" classname="admin.spec.ts" time="0">
<skipped>
</skipped>
</testcase>
</testsuite>
<testsuite name="auth.spec.ts" timestamp="2026-01-30T23:15:39.566Z" hostname="webkit" tests="8" failures="0" skipped="8" time="0" errors="0">
<testcase name="Authentication › complete registration flow" classname="auth.spec.ts" time="0">
<skipped>
</skipped>
</testcase>
<testcase name="Authentication › complete login flow" classname="auth.spec.ts" time="0">
<skipped>
</skipped>
</testcase>
<testcase name="Authentication › logout clears session" classname="auth.spec.ts" time="0">
<skipped>
</skipped>
</testcase>
<testcase name="Authentication › protected routes redirect to login" classname="auth.spec.ts" time="0">
<skipped>
</skipped>
</testcase>
<testcase name="Authentication › registration validates email format" classname="auth.spec.ts" time="0">
<skipped>
</skipped>
</testcase>
<testcase name="Authentication › login shows error with wrong credentials" classname="auth.spec.ts" time="0">
<skipped>
</skipped>
</testcase>
<testcase name="Authentication › registration requires password confirmation match" classname="auth.spec.ts" time="0">
<skipped>
</skipped>
</testcase>
<testcase name="Authentication › session persists after page reload" classname="auth.spec.ts" time="0">
<skipped>
</skipped>
</testcase>
</testsuite>
<testsuite name="favorites.spec.ts" timestamp="2026-01-30T23:15:39.566Z" hostname="webkit" tests="4" failures="0" skipped="4" time="0" errors="0">
<testcase name="Favorites › add and remove favorites" classname="favorites.spec.ts" time="0">
<skipped>
</skipped>
</testcase>
<testcase name="Favorites › favorite status persists across pages" classname="favorites.spec.ts" time="0">
<skipped>
</skipped>
</testcase>
<testcase name="Favorites › favorites count updates correctly" classname="favorites.spec.ts" time="0">
<skipped>
</skipped>
</testcase>
<testcase name="Favorites › can filter favorites" classname="favorites.spec.ts" time="0">
<skipped>
</skipped>
</testcase>
</testsuite>
<testsuite name="reviews.spec.ts" timestamp="2026-01-30T23:15:39.566Z" hostname="webkit" tests="6" failures="0" skipped="6" time="0" errors="0">
<testcase name="Reviews › submit review after transaction" classname="reviews.spec.ts" time="0">
<skipped>
</skipped>
</testcase>
<testcase name="Reviews › flag suspicious review" classname="reviews.spec.ts" time="0">
<skipped>
</skipped>
</testcase>
<testcase name="Reviews › cannot submit review without transaction" classname="reviews.spec.ts" time="0">
<skipped>
</skipped>
</testcase>
<testcase name="Reviews › review form validates minimum characters" classname="reviews.spec.ts" time="0">
<skipped>
</skipped>
</testcase>
<testcase name="Reviews › helpful vote updates count" classname="reviews.spec.ts" time="0">
<skipped>
</skipped>
</testcase>
<testcase name="Reviews › displays verified badge only for verified reviews" classname="reviews.spec.ts" time="0">
<skipped>
</skipped>
</testcase>
</testsuite>
<testsuite name="transactions.spec.ts" timestamp="2026-01-30T23:15:39.566Z" hostname="webkit" tests="6" failures="0" skipped="6" time="0" errors="0">
<testcase name="Transactions › complete purchase flow" classname="transactions.spec.ts" time="0">
<skipped>
</skipped>
</testcase>
<testcase name="Transactions › view transaction history" classname="transactions.spec.ts" time="0">
<skipped>
</skipped>
</testcase>
<testcase name="Transactions › transaction status tracking works" classname="transactions.spec.ts" time="0">
<skipped>
</skipped>
</testcase>
<testcase name="Transactions › seller can view incoming transactions" classname="transactions.spec.ts" time="0">
<skipped>
</skipped>
</testcase>
<testcase name="Transactions › cannot access other users transactions" classname="transactions.spec.ts" time="0">
<skipped>
</skipped>
</testcase>
<testcase name="Transactions › transaction details display correctly" classname="transactions.spec.ts" time="0">
<skipped>
</skipped>
</testcase>
</testsuite>
<testsuite name="vehicles.spec.ts" timestamp="2026-01-30T23:15:39.566Z" hostname="webkit" tests="5" failures="0" skipped="5" time="0" errors="0">
<testcase name="Vehicles › browse and search vehicles" classname="vehicles.spec.ts" time="0">
<skipped>
</skipped>
</testcase>
<testcase name="Vehicles › filter vehicles by price" classname="vehicles.spec.ts" time="0">
<skipped>
</skipped>
</testcase>
<testcase name="Vehicles › view vehicle details" classname="vehicles.spec.ts" time="0">
<skipped>
</skipped>
</testcase>
<testcase name="Vehicles › pagination works correctly" classname="vehicles.spec.ts" time="0">
<skipped>
</skipped>
</testcase>
<testcase name="Vehicles › vehicle card displays correct information" classname="vehicles.spec.ts" time="0">
<skipped>
</skipped>
</testcase>
</testsuite>
<testsuite name="admin.spec.ts" timestamp="2026-01-30T23:15:39.566Z" hostname="mobile" tests="7" failures="0" skipped="7" time="0" errors="0">
<testcase name="Admin › admin can moderate reviews" classname="admin.spec.ts" time="0">
<skipped>
</skipped>
</testcase>
<testcase name="Admin › admin can view flagged reviews" classname="admin.spec.ts" time="0">
<skipped>
</skipped>
</testcase>
<testcase name="Admin › admin can reject inappropriate reviews" classname="admin.spec.ts" time="0">
<skipped>
</skipped>
</testcase>
<testcase name="Admin › admin can view review statistics" classname="admin.spec.ts" time="0">
<skipped>
</skipped>
</testcase>
<testcase name="Admin › admin can bulk approve reviews" classname="admin.spec.ts" time="0">
<skipped>
</skipped>
</testcase>
<testcase name="Admin › admin can dismiss review flags" classname="admin.spec.ts" time="0">
<skipped>
</skipped>
</testcase>
<testcase name="Admin › non-admin cannot access admin panel" classname="admin.spec.ts" time="0">
<skipped>
</skipped>
</testcase>
</testsuite>
<testsuite name="auth.spec.ts" timestamp="2026-01-30T23:15:39.566Z" hostname="mobile" tests="8" failures="0" skipped="8" time="0" errors="0">
<testcase name="Authentication › complete registration flow" classname="auth.spec.ts" time="0">
<skipped>
</skipped>
</testcase>
<testcase name="Authentication › complete login flow" classname="auth.spec.ts" time="0">
<skipped>
</skipped>
</testcase>
<testcase name="Authentication › logout clears session" classname="auth.spec.ts" time="0">
<skipped>
</skipped>
</testcase>
<testcase name="Authentication › protected routes redirect to login" classname="auth.spec.ts" time="0">
<skipped>
</skipped>
</testcase>
<testcase name="Authentication › registration validates email format" classname="auth.spec.ts" time="0">
<skipped>
</skipped>
</testcase>
<testcase name="Authentication › login shows error with wrong credentials" classname="auth.spec.ts" time="0">
<skipped>
</skipped>
</testcase>
<testcase name="Authentication › registration requires password confirmation match" classname="auth.spec.ts" time="0">
<skipped>
</skipped>
</testcase>
<testcase name="Authentication › session persists after page reload" classname="auth.spec.ts" time="0">
<skipped>
</skipped>
</testcase>
</testsuite>
<testsuite name="favorites.spec.ts" timestamp="2026-01-30T23:15:39.566Z" hostname="mobile" tests="4" failures="0" skipped="4" time="0" errors="0">
<testcase name="Favorites › add and remove favorites" classname="favorites.spec.ts" time="0">
<skipped>
</skipped>
</testcase>
<testcase name="Favorites › favorite status persists across pages" classname="favorites.spec.ts" time="0">
<skipped>
</skipped>
</testcase>
<testcase name="Favorites › favorites count updates correctly" classname="favorites.spec.ts" time="0">
<skipped>
</skipped>
</testcase>
<testcase name="Favorites › can filter favorites" classname="favorites.spec.ts" time="0">
<skipped>
</skipped>
</testcase>
</testsuite>
<testsuite name="reviews.spec.ts" timestamp="2026-01-30T23:15:39.566Z" hostname="mobile" tests="6" failures="0" skipped="6" time="0" errors="0">
<testcase name="Reviews › submit review after transaction" classname="reviews.spec.ts" time="0">
<skipped>
</skipped>
</testcase>
<testcase name="Reviews › flag suspicious review" classname="reviews.spec.ts" time="0">
<skipped>
</skipped>
</testcase>
<testcase name="Reviews › cannot submit review without transaction" classname="reviews.spec.ts" time="0">
<skipped>
</skipped>
</testcase>
<testcase name="Reviews › review form validates minimum characters" classname="reviews.spec.ts" time="0">
<skipped>
</skipped>
</testcase>
<testcase name="Reviews › helpful vote updates count" classname="reviews.spec.ts" time="0">
<skipped>
</skipped>
</testcase>
<testcase name="Reviews › displays verified badge only for verified reviews" classname="reviews.spec.ts" time="0">
<skipped>
</skipped>
</testcase>
</testsuite>
<testsuite name="transactions.spec.ts" timestamp="2026-01-30T23:15:39.566Z" hostname="mobile" tests="6" failures="0" skipped="6" time="0" errors="0">
<testcase name="Transactions › complete purchase flow" classname="transactions.spec.ts" time="0">
<skipped>
</skipped>
</testcase>
<testcase name="Transactions › view transaction history" classname="transactions.spec.ts" time="0">
<skipped>
</skipped>
</testcase>
<testcase name="Transactions › transaction status tracking works" classname="transactions.spec.ts" time="0">
<skipped>
</skipped>
</testcase>
<testcase name="Transactions › seller can view incoming transactions" classname="transactions.spec.ts" time="0">
<skipped>
</skipped>
</testcase>
<testcase name="Transactions › cannot access other users transactions" classname="transactions.spec.ts" time="0">
<skipped>
</skipped>
</testcase>
<testcase name="Transactions › transaction details display correctly" classname="transactions.spec.ts" time="0">
<skipped>
</skipped>
</testcase>
</testsuite>
<testsuite name="vehicles.spec.ts" timestamp="2026-01-30T23:15:39.566Z" hostname="mobile" tests="5" failures="0" skipped="5" time="0" errors="0">
<testcase name="Vehicles › browse and search vehicles" classname="vehicles.spec.ts" time="0">
<skipped>
</skipped>
</testcase>
<testcase name="Vehicles › filter vehicles by price" classname="vehicles.spec.ts" time="0">
<skipped>
</skipped>
</testcase>
<testcase name="Vehicles › view vehicle details" classname="vehicles.spec.ts" time="0">
<skipped>
</skipped>
</testcase>
<testcase name="Vehicles › pagination works correctly" classname="vehicles.spec.ts" time="0">
<skipped>
</skipped>
</testcase>
<testcase name="Vehicles › vehicle card displays correct information" classname="vehicles.spec.ts" time="0">
<skipped>
</skipped>
</testcase>
</testsuite>
<testsuite name="admin.spec.ts" timestamp="2026-01-30T23:15:39.566Z" hostname="tablet" tests="7" failures="0" skipped="7" time="0" errors="0">
<testcase name="Admin › admin can moderate reviews" classname="admin.spec.ts" time="0">
<skipped>
</skipped>
</testcase>
<testcase name="Admin › admin can view flagged reviews" classname="admin.spec.ts" time="0">
<skipped>
</skipped>
</testcase>
<testcase name="Admin › admin can reject inappropriate reviews" classname="admin.spec.ts" time="0">
<skipped>
</skipped>
</testcase>
<testcase name="Admin › admin can view review statistics" classname="admin.spec.ts" time="0">
<skipped>
</skipped>
</testcase>
<testcase name="Admin › admin can bulk approve reviews" classname="admin.spec.ts" time="0">
<skipped>
</skipped>
</testcase>
<testcase name="Admin › admin can dismiss review flags" classname="admin.spec.ts" time="0">
<skipped>
</skipped>
</testcase>
<testcase name="Admin › non-admin cannot access admin panel" classname="admin.spec.ts" time="0">
<skipped>
</skipped>
</testcase>
</testsuite>
<testsuite name="auth.spec.ts" timestamp="2026-01-30T23:15:39.566Z" hostname="tablet" tests="8" failures="0" skipped="8" time="0" errors="0">
<testcase name="Authentication › complete registration flow" classname="auth.spec.ts" time="0">
<skipped>
</skipped>
</testcase>
<testcase name="Authentication › complete login flow" classname="auth.spec.ts" time="0">
<skipped>
</skipped>
</testcase>
<testcase name="Authentication › logout clears session" classname="auth.spec.ts" time="0">
<skipped>
</skipped>
</testcase>
<testcase name="Authentication › protected routes redirect to login" classname="auth.spec.ts" time="0">
<skipped>
</skipped>
</testcase>
<testcase name="Authentication › registration validates email format" classname="auth.spec.ts" time="0">
<skipped>
</skipped>
</testcase>
<testcase name="Authentication › login shows error with wrong credentials" classname="auth.spec.ts" time="0">
<skipped>
</skipped>
</testcase>
<testcase name="Authentication › registration requires password confirmation match" classname="auth.spec.ts" time="0">
<skipped>
</skipped>
</testcase>
<testcase name="Authentication › session persists after page reload" classname="auth.spec.ts" time="0">
<skipped>
</skipped>
</testcase>
</testsuite>
<testsuite name="favorites.spec.ts" timestamp="2026-01-30T23:15:39.566Z" hostname="tablet" tests="4" failures="0" skipped="4" time="0" errors="0">
<testcase name="Favorites › add and remove favorites" classname="favorites.spec.ts" time="0">
<skipped>
</skipped>
</testcase>
<testcase name="Favorites › favorite status persists across pages" classname="favorites.spec.ts" time="0">
<skipped>
</skipped>
</testcase>
<testcase name="Favorites › favorites count updates correctly" classname="favorites.spec.ts" time="0">
<skipped>
</skipped>
</testcase>
<testcase name="Favorites › can filter favorites" classname="favorites.spec.ts" time="0">
<skipped>
</skipped>
</testcase>
</testsuite>
<testsuite name="reviews.spec.ts" timestamp="2026-01-30T23:15:39.566Z" hostname="tablet" tests="6" failures="0" skipped="6" time="0" errors="0">
<testcase name="Reviews › submit review after transaction" classname="reviews.spec.ts" time="0">
<skipped>
</skipped>
</testcase>
<testcase name="Reviews › flag suspicious review" classname="reviews.spec.ts" time="0">
<skipped>
</skipped>
</testcase>
<testcase name="Reviews › cannot submit review without transaction" classname="reviews.spec.ts" time="0">
<skipped>
</skipped>
</testcase>
<testcase name="Reviews › review form validates minimum characters" classname="reviews.spec.ts" time="0">
<skipped>
</skipped>
</testcase>
<testcase name="Reviews › helpful vote updates count" classname="reviews.spec.ts" time="0">
<skipped>
</skipped>
</testcase>
<testcase name="Reviews › displays verified badge only for verified reviews" classname="reviews.spec.ts" time="0">
<skipped>
</skipped>
</testcase>
</testsuite>
<testsuite name="transactions.spec.ts" timestamp="2026-01-30T23:15:39.566Z" hostname="tablet" tests="6" failures="0" skipped="6" time="0" errors="0">
<testcase name="Transactions › complete purchase flow" classname="transactions.spec.ts" time="0">
<skipped>
</skipped>
</testcase>
<testcase name="Transactions › view transaction history" classname="transactions.spec.ts" time="0">
<skipped>
</skipped>
</testcase>
<testcase name="Transactions › transaction status tracking works" classname="transactions.spec.ts" time="0">
<skipped>
</skipped>
</testcase>
<testcase name="Transactions › seller can view incoming transactions" classname="transactions.spec.ts" time="0">
<skipped>
</skipped>
</testcase>
<testcase name="Transactions › cannot access other users transactions" classname="transactions.spec.ts" time="0">
<skipped>
</skipped>
</testcase>
<testcase name="Transactions › transaction details display correctly" classname="transactions.spec.ts" time="0">
<skipped>
</skipped>
</testcase>
</testsuite>
<testsuite name="vehicles.spec.ts" timestamp="2026-01-30T23:15:39.566Z" hostname="tablet" tests="5" failures="0" skipped="5" time="0" errors="0">
<testcase name="Vehicles › browse and search vehicles" classname="vehicles.spec.ts" time="0">
<skipped>
</skipped>
</testcase>
<testcase name="Vehicles › filter vehicles by price" classname="vehicles.spec.ts" time="0">
<skipped>
</skipped>
</testcase>
<testcase name="Vehicles › view vehicle details" classname="vehicles.spec.ts" time="0">
<skipped>
</skipped>
</testcase>
<testcase name="Vehicles › pagination works correctly" classname="vehicles.spec.ts" time="0">
<skipped>
</skipped>
</testcase>
<testcase name="Vehicles › vehicle card displays correct information" classname="vehicles.spec.ts" time="0">
<skipped>
</skipped>
</testcase>
</testsuite>
</testsuites>